  [1m[35m (469.6ms)[0m  [1m[35mSET NAMES utf8,  @@SESSION.sql_mode = CONCAT(CONCAT(@@sql_mode, ',STRICT_ALL_TABLES'), ',NO_AUTO_VALUE_ON_ZERO'),  @@SESSION.sql_auto_is_null = 0, @@SESSION.wait_timeout = 2147483[0m
  ↳ /home/gaurav/.rvm/gems/ruby-2.6.1/bin/rake:23
  [1m[35m (317.1ms)[0m  [1m[35mCREATE DATABASE `CGPA_development` DEFAULT CHARACTER SET `utf8`[0m
  ↳ /home/gaurav/.rvm/gems/ruby-2.6.1/bin/rake:23
  [1m[35m (85.2ms)[0m  [1m[35mSET NAMES utf8,  @@SESSION.sql_mode = CONCAT(CONCAT(@@sql_mode, ',STRICT_ALL_TABLES'), ',NO_AUTO_VALUE_ON_ZERO'),  @@SESSION.sql_auto_is_null = 0, @@SESSION.wait_timeout = 2147483[0m
  ↳ /home/gaurav/.rvm/gems/ruby-2.6.1/bin/rake:23
  [1m[35m (21.0ms)[0m  [1m[35mCREATE DATABASE `CGPA_test` DEFAULT CHARACTER SET `utf8`[0m
  ↳ /home/gaurav/.rvm/gems/ruby-2.6.1/bin/rake:23
  [1m[35m (92.7ms)[0m  [1m[35mSET NAMES utf8,  @@SESSION.sql_mode = CONCAT(CONCAT(@@sql_mode, ',STRICT_ALL_TABLES'), ',NO_AUTO_VALUE_ON_ZERO'),  @@SESSION.sql_auto_is_null = 0, @@SESSION.wait_timeout = 2147483[0m
  ↳ /home/gaurav/.rvm/gems/ruby-2.6.1/bin/rake:23
  [1m[35m (1373.0ms)[0m  [1m[35mCREATE TABLE `schema_migrations` (`version` varchar(255) NOT NULL PRIMARY KEY)[0m
  ↳ /home/gaurav/.rvm/gems/ruby-2.6.1/bin/rake:23
  [1m[35m (422.6ms)[0m  [1m[35mCREATE TABLE `ar_internal_metadata` (`key` varchar(255) NOT NULL PRIMARY KEY, `value` varchar(255), `created_at` datetime NOT NULL, `updated_at` datetime NOT NULL)[0m
  ↳ /home/gaurav/.rvm/gems/ruby-2.6.1/bin/rake:23
  [1m[35m (48.9ms)[0m  [1m[34mSELECT GET_LOCK('838900588777476330', 0)[0m
  ↳ /home/gaurav/.rvm/gems/ruby-2.6.1/bin/rake:23
  [1m[35m (0.3ms)[0m  [1m[34mSELECT `schema_migrations`.`version` FROM `schema_migrations` ORDER BY `schema_migrations`.`version` ASC[0m
  ↳ /home/gaurav/.rvm/gems/ruby-2.6.1/bin/rake:23
  [1m[36mActiveRecord::InternalMetadata Load (0.8ms)[0m  [1m[34mSELECT  `ar_internal_metadata`.* FROM `ar_internal_metadata` WHERE `ar_internal_metadata`.`key` = 'environment' LIMIT 1[0m
  ↳ /home/gaurav/.rvm/gems/ruby-2.6.1/bin/rake:23
  [1m[35m (11.2ms)[0m  [1m[35mBEGIN[0m
  ↳ /home/gaurav/.rvm/gems/ruby-2.6.1/bin/rake:23
  [1m[36mActiveRecord::InternalMetadata Create (54.5ms)[0m  [1m[32mINSERT INTO `ar_internal_metadata` (`key`, `value`, `created_at`, `updated_at`) VALUES ('environment', 'development', '2020-10-16 14:24:32', '2020-10-16 14:24:32')[0m
  ↳ /home/gaurav/.rvm/gems/ruby-2.6.1/bin/rake:23
  [1m[35m (88.1ms)[0m  [1m[35mCOMMIT[0m
  ↳ /home/gaurav/.rvm/gems/ruby-2.6.1/bin/rake:23
  [1m[35m (0.6ms)[0m  [1m[34mSELECT RELEASE_LOCK('838900588777476330')[0m
  ↳ /home/gaurav/.rvm/gems/ruby-2.6.1/bin/rake:23
  [1m[35m (9.6ms)[0m  [1m[34mSELECT `schema_migrations`.`version` FROM `schema_migrations` ORDER BY `schema_migrations`.`version` ASC[0m
  ↳ /home/gaurav/.rvm/gems/ruby-2.6.1/bin/rake:23
